INFO:     Will watch for changes in these directories: ['D:\\Programas\\Temp\\Gastos\\backend']
INFO:     Uvicorn running on http://127.0.0.1:8000 (Press CTRL+C to quit)
INFO:     Started reloader process [15324] using WatchFiles
ERROR:    Error loading ASGI app. Could not import module "app.main".
WARNING:  WatchFiles detected changes in 'main.py', 'app\main.py'. Reloading...
INFO:     Started server process [10176]
INFO:     Waiting for application startup.
INFO:     Application startup complete.
WARNING:  WatchFiles detected changes in 'app\api\endpoints\upload.py'. Reloading...
INFO:     Shutting down
INFO:     Waiting for application shutdown.
INFO:     Application shutdown complete.
INFO:     Finished server process [10176]
WARNING:  WatchFiles detected changes in 'app\services\import_service.py', 'app\services\importers\caixa.py', 'app\db\seed.py'. Reloading...
INFO:     Started server process [10940]
INFO:     Waiting for application startup.
INFO:     Application startup complete.
ERROR:    Traceback (most recent call last):
  File "D:\Temp\pyenv-win-master\pyenv-win\versions\3.13.2\Lib\asyncio\runners.py", line 118, in run
    return self._loop.run_until_complete(task)
           ~~~~~~~~~~~~~~~~~~~~~~~~~~~~~^^^^^^
  File "D:\Temp\pyenv-win-master\pyenv-win\versions\3.13.2\Lib\asyncio\base_events.py", line 725, in run_until_complete
    return future.result()
           ~~~~~~~~~~~~~^^
asyncio.exceptions.CancelledError

During handling of the above exception, another exception occurred:

Traceback (most recent call last):
  File "D:\Temp\pyenv-win-master\pyenv-win\versions\3.13.2\Lib\asyncio\runners.py", line 195, in run
    return runner.run(main)
           ~~~~~~~~~~^^^^^^
  File "D:\Temp\pyenv-win-master\pyenv-win\versions\3.13.2\Lib\asyncio\runners.py", line 123, in run
    raise KeyboardInterrupt()
KeyboardInterrupt

During handling of the above exception, another exception occurred:

Traceback (most recent call last):
  File "D:\Temp\pyenv-win-master\pyenv-win\versions\3.13.2\Lib\site-packages\starlette\routing.py", line 700, in lifespan
    await receive()
  File "D:\Temp\pyenv-win-master\pyenv-win\versions\3.13.2\Lib\site-packages\uvicorn\lifespan\on.py", line 137, in receive
    return await self.receive_queue.get()
           ^^^^^^^^^^^^^^^^^^^^^^^^^^^^^^
  File "D:\Temp\pyenv-win-master\pyenv-win\versions\3.13.2\Lib\asyncio\queues.py", line 186, in get
    await getter
asyncio.exceptions.CancelledError

INFO:     Started server process [30952]
INFO:     Waiting for application startup.
INFO:     Application startup complete.
WARNING:  WatchFiles detected changes in 'app\services\importers\caixa.py'. Reloading...
INFO:     Shutting down
INFO:     Waiting for application shutdown.
INFO:     Application shutdown complete.
INFO:     Finished server process [30952]
WARNING:  WatchFiles detected changes in 'app\db\reset.py', 'app\api\endpoints\upload.py'. Reloading...
INFO:     Started server process [33536]
INFO:     Waiting for application startup.
INFO:     Application startup complete.
ERROR:    Traceback (most recent call last):
  File "D:\Temp\pyenv-win-master\pyenv-win\versions\3.13.2\Lib\asyncio\runners.py", line 118, in run
    return self._loop.run_until_complete(task)
           ~~~~~~~~~~~~~~~~~~~~~~~~~~~~~^^^^^^
  File "D:\Temp\pyenv-win-master\pyenv-win\versions\3.13.2\Lib\asyncio\base_events.py", line 725, in run_until_complete
    return future.result()
           ~~~~~~~~~~~~~^^
asyncio.exceptions.CancelledError

During handling of the above exception, another exception occurred:

Traceback (most recent call last):
  File "D:\Temp\pyenv-win-master\pyenv-win\versions\3.13.2\Lib\asyncio\runners.py", line 195, in run
    return runner.run(main)
           ~~~~~~~~~~^^^^^^
  File "D:\Temp\pyenv-win-master\pyenv-win\versions\3.13.2\Lib\asyncio\runners.py", line 123, in run
    raise KeyboardInterrupt()
KeyboardInterrupt

During handling of the above exception, another exception occurred:

Traceback (most recent call last):
  File "D:\Temp\pyenv-win-master\pyenv-win\versions\3.13.2\Lib\site-packages\starlette\routing.py", line 700, in lifespan
    await receive()
  File "D:\Temp\pyenv-win-master\pyenv-win\versions\3.13.2\Lib\site-packages\uvicorn\lifespan\on.py", line 137, in receive
    return await self.receive_queue.get()
           ^^^^^^^^^^^^^^^^^^^^^^^^^^^^^^
  File "D:\Temp\pyenv-win-master\pyenv-win\versions\3.13.2\Lib\asyncio\queues.py", line 186, in get
    await getter
asyncio.exceptions.CancelledError

INFO:     Started server process [36280]
INFO:     Waiting for application startup.
INFO:     Application startup complete.
WARNING:  WatchFiles detected changes in 'app\services\importers\caixa.py'. Reloading...
INFO:     Shutting down
INFO:     Waiting for application shutdown.
INFO:     Application shutdown complete.
INFO:     Finished server process [36280]
WARNING:  WatchFiles detected changes in 'app\tests\test_importers.py', 'app\tests\conftest.py', 'app\tests\test_services.py'. Reloading...
INFO:     Started server process [36204]
INFO:     Waiting for application startup.
INFO:     Application startup complete.
ERROR:    Traceback (most recent call last):
  File "D:\Temp\pyenv-win-master\pyenv-win\versions\3.13.2\Lib\asyncio\runners.py", line 118, in run
    return self._loop.run_until_complete(task)
           ~~~~~~~~~~~~~~~~~~~~~~~~~~~~~^^^^^^
  File "D:\Temp\pyenv-win-master\pyenv-win\versions\3.13.2\Lib\asyncio\base_events.py", line 725, in run_until_complete
    return future.result()
           ~~~~~~~~~~~~~^^
asyncio.exceptions.CancelledError

During handling of the above exception, another exception occurred:

Traceback (most recent call last):
  File "D:\Temp\pyenv-win-master\pyenv-win\versions\3.13.2\Lib\asyncio\runners.py", line 195, in run
    return runner.run(main)
           ~~~~~~~~~~^^^^^^
  File "D:\Temp\pyenv-win-master\pyenv-win\versions\3.13.2\Lib\asyncio\runners.py", line 123, in run
    raise KeyboardInterrupt()
KeyboardInterrupt

During handling of the above exception, another exception occurred:

Traceback (most recent call last):
  File "D:\Temp\pyenv-win-master\pyenv-win\versions\3.13.2\Lib\site-packages\starlette\routing.py", line 700, in lifespan
    await receive()
  File "D:\Temp\pyenv-win-master\pyenv-win\versions\3.13.2\Lib\site-packages\uvicorn\lifespan\on.py", line 137, in receive
    return await self.receive_queue.get()
           ^^^^^^^^^^^^^^^^^^^^^^^^^^^^^^
  File "D:\Temp\pyenv-win-master\pyenv-win\versions\3.13.2\Lib\asyncio\queues.py", line 186, in get
    await getter
asyncio.exceptions.CancelledError

INFO:     Started server process [21708]
INFO:     Waiting for application startup.
INFO:     Application startup complete.
WARNING:  WatchFiles detected changes in 'app\tests\conftest.py'. Reloading...
INFO:     Shutting down
INFO:     Waiting for application shutdown.
INFO:     Application shutdown complete.
INFO:     Finished server process [21708]
WARNING:  WatchFiles detected changes in 'app\tests\conftest.py', 'app\tests\test_api.py'. Reloading...
INFO:     Started server process [32240]
INFO:     Waiting for application startup.
INFO:     Application startup complete.
ERROR:    Traceback (most recent call last):
  File "D:\Temp\pyenv-win-master\pyenv-win\versions\3.13.2\Lib\asyncio\runners.py", line 118, in run
    return self._loop.run_until_complete(task)
           ~~~~~~~~~~~~~~~~~~~~~~~~~~~~~^^^^^^
  File "D:\Temp\pyenv-win-master\pyenv-win\versions\3.13.2\Lib\asyncio\base_events.py", line 725, in run_until_complete
    return future.result()
           ~~~~~~~~~~~~~^^
asyncio.exceptions.CancelledError

During handling of the above exception, another exception occurred:

Traceback (most recent call last):
  File "D:\Temp\pyenv-win-master\pyenv-win\versions\3.13.2\Lib\asyncio\runners.py", line 195, in run
    return runner.run(main)
           ~~~~~~~~~~^^^^^^
  File "D:\Temp\pyenv-win-master\pyenv-win\versions\3.13.2\Lib\asyncio\runners.py", line 123, in run
    raise KeyboardInterrupt()
KeyboardInterrupt

During handling of the above exception, another exception occurred:

Traceback (most recent call last):
  File "D:\Temp\pyenv-win-master\pyenv-win\versions\3.13.2\Lib\site-packages\starlette\routing.py", line 700, in lifespan
    await receive()
  File "D:\Temp\pyenv-win-master\pyenv-win\versions\3.13.2\Lib\site-packages\uvicorn\lifespan\on.py", line 137, in receive
    return await self.receive_queue.get()
           ^^^^^^^^^^^^^^^^^^^^^^^^^^^^^^
  File "D:\Temp\pyenv-win-master\pyenv-win\versions\3.13.2\Lib\asyncio\queues.py", line 186, in get
    await getter
asyncio.exceptions.CancelledError

INFO:     Started server process [33368]
INFO:     Waiting for application startup.
INFO:     Application startup complete.
WARNING:  WatchFiles detected changes in 'app\tests\conftest.py'. Reloading...
INFO:     Shutting down
INFO:     Waiting for application shutdown.
INFO:     Application shutdown complete.
INFO:     Finished server process [33368]
INFO:     Started server process [3056]
INFO:     Waiting for application startup.
INFO:     Application startup complete.
WARNING:  WatchFiles detected changes in 'app\services\importers\caixa.py'. Reloading...
