==================================================================================================================================================== test session starts ====================================================================================================================================================
platform win32 -- Python 3.13.2, pytest-8.3.4, pluggy-1.6.0
rootdir: D:\Programas\Temp\Gastos\backend
plugins: anyio-3.7.1, langsmith-0.6.0, asyncio-0.21.1, cov-4.1.0, mock-3.12.0
asyncio: mode=Mode.STRICT
collected 4 items

app\tests\test_importers.py ..                                                                                                                                                                                                                                                                                         [ 50%]
app\tests\test_services.py ..E                                                                                                                                                                                                                                                                                         [100%]

========================================================================================================================================================== ERRORS ===========================================================================================================================================================
___________________________________________________________________________________________________________________________________________ ERROR at teardown of test_categorizer ___________________________________________________________________________________________________________________________________________

    @pytest.fixture(scope="session")
    def db_engine():
        Base.metadata.create_all(bind=engine)
        yield engine
        Base.metadata.drop_all(bind=engine)
        import os
        if os.path.exists("./test.db"):
>           os.remove("./test.db")
E           PermissionError: [WinError 32] El proceso no tiene acceso al archivo porque está siendo utilizado por otro proceso: './test.db'

app\tests\conftest.py:26: PermissionError
===================================================================================================================================================== warnings summary ======================================================================================================================================================
app\db\base.py:3
  D:\Programas\Temp\Gastos\backend\app\db\base.py:3: MovedIn20Warning: The ``declarative_base()`` function is now available as sqlalchemy.orm.declarative_base(). (deprecated since: 2.0) (Background on SQLAlchemy 2.0 at: https://sqlalche.me/e/b8d9)
    Base = declarative_base()

..\..\..\..\Temp\pyenv-win-master\pyenv-win\versions\3.13.2\Lib\site-packages\pydantic\_internal\_config.py:323
..\..\..\..\Temp\pyenv-win-master\pyenv-win\versions\3.13.2\Lib\site-packages\pydantic\_internal\_config.py:323
..\..\..\..\Temp\pyenv-win-master\pyenv-win\versions\3.13.2\Lib\site-packages\pydantic\_internal\_config.py:323
..\..\..\..\Temp\pyenv-win-master\pyenv-win\versions\3.13.2\Lib\site-packages\pydantic\_internal\_config.py:323
  D:\Temp\pyenv-win-master\pyenv-win\versions\3.13.2\Lib\site-packages\pydantic\_internal\_config.py:323: PydanticDeprecatedSince20: Support for class-based `config` is deprecated, use ConfigDict instead. Deprecated in Pydantic V2.0 to be removed in V3.0. See Pydantic V2 Migration Guide at https://errors.pydantic.dev/2.11/migration/
    warnings.warn(DEPRECATION_MESSAGE, DeprecationWarning)

app/tests/test_services.py::test_create_transaction
  D:\Programas\Temp\Gastos\backend\app\services\transaction_service.py:9: PydanticDeprecatedSince20: The `dict` method is deprecated; use `model_dump` instead. Deprecated in Pydantic V2.0 to be removed in V3.0. See Pydantic V2 Migration Guide at https://errors.pydantic.dev/2.11/migration/
    db_transaction = models.Transaction(**transaction.dict())

-- Docs: https://docs.pytest.org/en/stable/how-to/capture-warnings.html
================================================================================================================================================== short test summary info ==================================================================================================================================================
ERROR app/tests/test_services.py::test_categorizer - PermissionError: [WinError 32] El proceso no tiene acceso al archivo porque está siendo utilizado por otro proceso: './test.db'
========================================================================================================================================== 4 passed, 6 warnings, 1 error in 1.31s ===========================================================================================================================================
